                      +-----------------------------+
                      |                             |
                      |   Eagle v2.0.1              |
                      |   May 9, 2016               |
                      |   Po-Ru Loh                 |
                      |                             |
                      +-----------------------------+

Copyright (C) 2015-2016 Harvard University.
Distributed under the GNU GPLv3 open source license.

Command line options:

../eagle \
    --vcfRef=ref.bcf \
    --vcfTarget=target.vcf.gz \
    --geneticMapFile=../tables/genetic_map_hg19_example.txt.gz \
    --outPrefix=target.phased 

Setting number of threads to 1
Warning: The index file is older than the data file: ref.bcf.csi

Reference samples: Nref = 169
Target samples: Ntarget = 8
[W::vcf_parse] INFO 'AC' is not defined in the header, assuming Type=String
[W::vcf_parse] INFO 'AN' is not defined in the header, assuming Type=String
[W::vcf_parse] INFO 'DP' is not defined in the header, assuming Type=String
[W::vcf_parse] INFO 'AFR_AF' is not defined in the header, assuming Type=String
[W::vcf_parse] INFO 'EX_TARGET' is not defined in the header, assuming Type=String
SNPs to analyze: M = 430 SNPs in both target and reference

SNPs ignored: 0 SNPs in target but not reference
              215 SNPs in reference but not target
              0 multi-allelic SNPs
              0 monomorphic SNPs

Missing rate in target genotypes: 0.00116279

Filling in genetic map coordinates using reference file:
  ../tables/genetic_map_hg19_example.txt.gz
Physical distance range: 3595565 base pairs
Genetic distance range:  10.292 cM
Average # SNPs per cM:   42   (recommended: 50-500 SNPs/cM)
Number of <=(64-SNP, 1cM) segments: 9
Average # SNPs per segment: 47

Auto-selecting number of phasing iterations: setting --pbwtIters to 1


BEGINNING PHASING

PHASING ITER 1 OF 1

Making HapHedge
Built PBWT on 338 haplotypes
Time for HapHedge: 0.00191903

Phasing target samples
................................................................................Time for phasing iter 1: 0.187661
Time for phasing iter 1 impMissing: 0.00736785
Writing vcf.gz output to target.phased.vcf.gz
[W::vcf_parse] INFO 'AC' is not defined in the header, assuming Type=String
[W::vcf_parse] INFO 'AN' is not defined in the header, assuming Type=String
[W::vcf_parse] INFO 'DP' is not defined in the header, assuming Type=String
[W::vcf_parse] INFO 'AFR_AF' is not defined in the header, assuming Type=String
[W::vcf_parse] INFO 'EX_TARGET' is not defined in the header, assuming Type=String
Time for writing output: 0.022923
Total elapsed time for analysis = 0.378794 sec

Mean phase confidence of each target individual:
ID	PHASE_CONFIDENCE
HG00403	0.949849
HG00404	0.953339
HG00406	0.927222
HG00407	0.948768
HG00419	0.939907
HG00421	0.939943
HG00422	0.953731
HG00428	0.944653
